# JRE version: Java(TM) SE Runtime Environment (8.0_45-b14) (build 1.8.0_45-b14)
# Java VM: Java HotSpot(TM) 64-Bit Server VM (25.45-b02 mixed mode windows-amd64 compressed oops)
Heap:
 PSYoungGen      total 22016K, used 19022K [0x00000000e0980000, 0x00000000e2e80000, 0x0000000100000000)
  eden space 21504K, 88% used [0x00000000e0980000,0x00000000e1bfb8d0,0x00000000e1e80000)
  from space 512K, 18% used [0x00000000e2d80000,0x00000000e2d98000,0x00000000e2e00000)
  to   space 512K, 0% used [0x00000000e2e00000,0x00000000e2e00000,0x00000000e2e80000)
 ParOldGen       total 65536K, used 5307K [0x00000000a1c00000, 0x00000000a5c00000, 0x00000000e0980000)
  object space 65536K, 8% used [0x00000000a1c00000,0x00000000a212ecb8,0x00000000a5c00000)
 Metaspace       used 15314K, capacity 15505K, committed 15872K, reserved 1062912K
  class space    used 1585K, capacity 1668K, committed 1792K, reserved 1048576K
GC Heap History (10 events):
Event: 114.644 GC heap before
{Heap before GC invocations=185 (full 0):
 PSYoungGen      total 22016K, used 21600K [0x00000000e0980000, 0x00000000e2e80000, 0x0000000100000000)
  eden space 21504K, 100% used [0x00000000e0980000,0x00000000e1e80000,0x00000000e1e80000)
  from space 512K, 18% used [0x00000000e2e00000,0x00000000e2e18000,0x00000000e2e80000)
  to   space 512K, 0% used [0x00000000e2d80000,0x00000000e2d80000,0x00000000e2e00000)
 ParOldGen       total 65536K, used 5307K [0x00000000a1c00000, 0x00000000a5c00000, 0x00000000e0980000)
  object space 65536K, 8% used [0x00000000a1c00000,0x00000000a212ecb8,0x00000000a5c00000)
 Metaspace       used 15313K, capacity 15505K, committed 15872K, reserved 1062912K
  class space    used 1585K, capacity 1668K, committed 1792K, reserved 1048576K
Event: 114.644 GC heap after
Heap after GC invocations=185 (full 0):
 PSYoungGen      total 22016K, used 64K [0x00000000e0980000, 0x00000000e2e80000, 0x0000000100000000)
  eden space 21504K, 0% used [0x00000000e0980000,0x00000000e0980000,0x00000000e1e80000)
  from space 512K, 12% used [0x00000000e2d80000,0x00000000e2d90000,0x00000000e2e00000)
  to   space 512K, 0% used [0x00000000e2e00000,0x00000000e2e00000,0x00000000e2e80000)
 ParOldGen       total 65536K, used 5307K [0x00000000a1c00000, 0x00000000a5c00000, 0x00000000e0980000)
  object space 65536K, 8% used [0x00000000a1c00000,0x00000000a212ecb8,0x00000000a5c00000)
 Metaspace       used 15313K, capacity 15505K, committed 15872K, reserved 1062912K
  class space    used 1585K, capacity 1668K, committed 1792K, reserved 1048576K
}
Event: 115.172 GC heap before
{Heap before GC invocations=186 (full 0):
 PSYoungGen      total 22016K, used 21568K [0x00000000e0980000, 0x00000000e2e80000, 0x0000000100000000)
  eden space 21504K, 100% used [0x00000000e0980000,0x00000000e1e80000,0x00000000e1e80000)
  from space 512K, 12% used [0x00000000e2d80000,0x00000000e2d90000,0x00000000e2e00000)
  to   space 512K, 0% used [0x00000000e2e00000,0x00000000e2e00000,0x00000000e2e80000)
 ParOldGen       total 65536K, used 5307K [0x00000000a1c00000, 0x00000000a5c00000, 0x00000000e0980000)
  object space 65536K, 8% used [0x00000000a1c00000,0x00000000a212ecb8,0x00000000a5c00000)
 Metaspace       used 15313K, capacity 15505K, committed 15872K, reserved 1062912K
  class space    used 1585K, capacity 1668K, committed 1792K, reserved 1048576K
Event: 115.173 GC heap after
Heap after GC invocations=186 (full 0):
 PSYoungGen      total 22016K, used 96K [0x00000000e0980000, 0x00000000e2e80000, 0x0000000100000000)
  eden space 21504K, 0% used [0x00000000e0980000,0x00000000e0980000,0x00000000e1e80000)
  from space 512K, 18% used [0x00000000e2e00000,0x00000000e2e18000,0x00000000e2e80000)
  to   space 512K, 0% used [0x00000000e2d80000,0x00000000e2d80000,0x00000000e2e00000)
 ParOldGen       total 65536K, used 5307K [0x00000000a1c00000, 0x00000000a5c00000, 0x00000000e0980000)
  object space 65536K, 8% used [0x00000000a1c00000,0x00000000a212ecb8,0x00000000a5c00000)
 Metaspace       used 15313K, capacity 15505K, committed 15872K, reserved 1062912K
  class space    used 1585K, capacity 1668K, committed 1792K, reserved 1048576K
}
Event: 115.706 GC heap before
{Heap before GC invocations=187 (full 0):
 PSYoungGen      total 22016K, used 21600K [0x00000000e0980000, 0x00000000e2e80000, 0x0000000100000000)
  eden space 21504K, 100% used [0x00000000e0980000,0x00000000e1e80000,0x00000000e1e80000)
  from space 512K, 18% used [0x00000000e2e00000,0x00000000e2e18000,0x00000000e2e80000)
  to   space 512K, 0% used [0x00000000e2d80000,0x00000000e2d80000,0x00000000e2e00000)
 ParOldGen       total 65536K, used 5307K [0x00000000a1c00000, 0x00000000a5c00000, 0x00000000e0980000)
  object space 65536K, 8% used [0x00000000a1c00000,0x00000000a212ecb8,0x00000000a5c00000)
 Metaspace       used 15313K, capacity 15505K, committed 15872K, reserved 1062912K
  class space    used 1585K, capacity 1668K, committed 1792K, reserved 1048576K
Event: 115.707 GC heap after
Heap after GC invocations=187 (full 0):
 PSYoungGen      total 22016K, used 96K [0x00000000e0980000, 0x00000000e2e80000, 0x0000000100000000)
  eden space 21504K, 0% used [0x00000000e0980000,0x00000000e0980000,0x00000000e1e80000)
  from space 512K, 18% used [0x00000000e2d80000,0x00000000e2d98000,0x00000000e2e00000)
  to   space 512K, 0% used [0x00000000e2e00000,0x00000000e2e00000,0x00000000e2e80000)
 ParOldGen       total 65536K, used 5307K [0x00000000a1c00000, 0x00000000a5c00000, 0x00000000e0980000)
  object space 65536K, 8% used [0x00000000a1c00000,0x00000000a212ecb8,0x00000000a5c00000)
 Metaspace       used 15313K, capacity 15505K, committed 15872K, reserved 1062912K
  class space    used 1585K, capacity 1668K, committed 1792K, reserved 1048576K
}
Event: 116.236 GC heap before
{Heap before GC invocations=188 (full 0):
 PSYoungGen      total 22016K, used 21600K [0x00000000e0980000, 0x00000000e2e80000, 0x0000000100000000)
  eden space 21504K, 100% used [0x00000000e0980000,0x00000000e1e80000,0x00000000e1e80000)
  from space 512K, 18% used [0x00000000e2d80000,0x00000000e2d98000,0x00000000e2e00000)
  to   space 512K, 0% used [0x00000000e2e00000,0x00000000e2e00000,0x00000000e2e80000)
 ParOldGen       total 65536K, used 5307K [0x00000000a1c00000, 0x00000000a5c00000, 0x00000000e0980000)
  object space 65536K, 8% used [0x00000000a1c00000,0x00000000a212ecb8,0x00000000a5c00000)
 Metaspace       used 15313K, capacity 15505K, committed 15872K, reserved 1062912K
  class space    used 1585K, capacity 1668K, committed 1792K, reserved 1048576K
Event: 116.237 GC heap after
Heap after GC invocations=188 (full 0):
 PSYoungGen      total 22016K, used 96K [0x00000000e0980000, 0x00000000e2e80000, 0x0000000100000000)
  eden space 21504K, 0% used [0x00000000e0980000,0x00000000e0980000,0x00000000e1e80000)
  from space 512K, 18% used [0x00000000e2e00000,0x00000000e2e18000,0x00000000e2e80000)
  to   space 512K, 0% used [0x00000000e2d80000,0x00000000e2d80000,0x00000000e2e00000)
 ParOldGen       total 65536K, used 5307K [0x00000000a1c00000, 0x00000000a5c00000, 0x00000000e0980000)
  object space 65536K, 8% used [0x00000000a1c00000,0x00000000a212ecb8,0x00000000a5c00000)
 Metaspace       used 15313K, capacity 15505K, committed 15872K, reserved 1062912K
  class space    used 1585K, capacity 1668K, committed 1792K, reserved 1048576K
}
Event: 116.763 GC heap before
{Heap before GC invocations=189 (full 0):
 PSYoungGen      total 22016K, used 21600K [0x00000000e0980000, 0x00000000e2e80000, 0x0000000100000000)
  eden space 21504K, 100% used [0x00000000e0980000,0x00000000e1e80000,0x00000000e1e80000)
  from space 512K, 18% used [0x00000000e2e00000,0x00000000e2e18000,0x00000000e2e80000)
  to   space 512K, 0% used [0x00000000e2d80000,0x00000000e2d80000,0x00000000e2e00000)
 ParOldGen       total 65536K, used 5307K [0x00000000a1c00000, 0x00000000a5c00000, 0x00000000e0980000)
  object space 65536K, 8% used [0x00000000a1c00000,0x00000000a212ecb8,0x00000000a5c00000)
 Metaspace       used 15313K, capacity 15505K, committed 15872K, reserved 1062912K
  class space    used 1585K, capacity 1668K, committed 1792K, reserved 1048576K
Event: 116.764 GC heap after
Heap after GC invocations=189 (full 0):
 PSYoungGen      total 22016K, used 96K [0x00000000e0980000, 0x00000000e2e80000, 0x0000000100000000)
  eden space 21504K, 0% used [0x00000000e0980000,0x00000000e0980000,0x00000000e1e80000)
  from space 512K, 18% used [0x00000000e2d80000,0x00000000e2d98000,0x00000000e2e00000)
  to   space 512K, 0% used [0x00000000e2e00000,0x00000000e2e00000,0x00000000e2e80000)
 ParOldGen       total 65536K, used 5307K [0x00000000a1c00000, 0x00000000a5c00000, 0x00000000e0980000)
  object space 65536K, 8% used [0x00000000a1c00000,0x00000000a212ecb8,0x00000000a5c00000)
 Metaspace       used 15313K, capacity 15505K, committed 15872K, reserved 1062912K
  class space    used 1585K, capacity 1668K, committed 1792K, reserved 1048576K
}

